<?xml version="1.0" encoding="utf-8"?><testsuites name="pytest tests"><testsuite name="pytest" errors="0" failures="1" skipped="0" tests="21" time="6.387" timestamp="2026-06-22T04:30:54.234157+00:00" hostname="agent-env-37099078-844e-4072-9fd3-843f25200df5"><testcase classname="backend.tests.test_iteration3.TestKnowledgeUpload" name="test_upload_plain_text" time="0.707" /><testcase classname="backend.tests.test_iteration3.TestKnowledgeUpload" name="test_upload_unsupported_mime" time="0.141" /><testcase classname="backend.tests.test_iteration3.TestKnowledgeUpload" name="test_upload_invalid_base64" time="0.121" /><testcase classname="backend.tests.test_iteration3.TestKnowledgeUpload" name="test_upload_too_large" time="0.385" /><testcase classname="backend.tests.test_iteration3.TestMeetings" name="test_create_meeting_scheduled" time="0.092" /><testcase classname="backend.tests.test_iteration3.TestMeetings" name="test_create_meeting_requires_approval" time="0.262" /><testcase classname="backend.tests.test_iteration3.TestMeetings" name="test_list_meetings_sorted" time="0.095" /><testcase classname="backend.tests.test_iteration3.TestMeetings" name="test_cancel_meeting" time="0.186" /><testcase classname="backend.tests.test_iteration3.TestAutomations" name="test_catalog" time="0.142" /><testcase classname="backend.tests.test_iteration3.TestAutomations" name="test_create_toggle_delete" time="0.444" /><testcase classname="backend.tests.test_iteration3.TestAutomations" name="test_task_completed_fires_automation" time="1.613" /><testcase classname="backend.tests.test_iteration3.TestOrgAdmin" name="test_org_me" time="0.097" /><testcase classname="backend.tests.test_iteration3.TestOrgAdmin" name="test_invite_create_and_list" time="0.193" /><testcase classname="backend.tests.test_iteration3.TestOrgAdmin" name="test_join_org_with_second_user" time="0.599" /><testcase classname="backend.tests.test_iteration3.TestOrgAdmin" name="test_remove_member_non_owner_forbidden" time="0.212" /><testcase classname="backend.tests.test_iteration3.TestRegression" name="test_agents" time="0.103"><failure message="AssertionError: assert 8 == 9&#10; +  where 8 = len([{'id': 'ceo', 'name': 'Aurora', 'role': 'CEO AI', 'department': 'Executive', ...}, {'id': 'marketing', 'name': 'Vega', 'role': 'Marketing AI', 'department': 'Marketing', ...}, {'id': 'sales', 'name': 'Atlas', 'role': 'Sales AI', 'department': 'Sales', ...}, {'id': 'research', 'name': 'Iris', 'role': 'Research AI', 'department': 'Research', ...}, {'id': 'developer', 'name': 'Nova', 'role': 'Developer AI', 'department': 'Engineering', ...}, {'id': 'operations', 'name': 'Orion', 'role': 'Operations AI', 'department': 'Operations', ...}, ...])&#10; +    where [{'id': 'ceo', 'name': 'Aurora', 'role': 'CEO AI', 'department': 'Executive', ...}, {'id': 'marketing', 'name': 'Vega', 'role': 'Marketing AI', 'department': 'Marketing', ...}, {'id': 'sales', 'name': 'Atlas', 'role': 'Sales AI', 'department': 'Sales', ...}, {'id': 'research', 'name': 'Iris', 'role': 'Research AI', 'department': 'Research', ...}, {'id': 'developer', 'name': 'Nova', 'role': 'Developer AI', 'department': 'Engineering', ...}, {'id': 'operations', 'name': 'Orion', 'role': 'Operations AI', 'department': 'Operations', ...}, ...] = json()&#10; +      where json = &lt;Response [200]&gt;.json">backend/tests/test_iteration3.py:252: in test_agents
    assert len(r.json()) == 9
E   AssertionError: assert 8 == 9
E    +  where 8 = len([{'id': 'ceo', 'name': 'Aurora', 'role': 'CEO AI', 'department': 'Executive', ...}, {'id': 'marketing', 'name': 'Vega', 'role': 'Marketing AI', 'department': 'Marketing', ...}, {'id': 'sales', 'name': 'Atlas', 'role': 'Sales AI', 'department': 'Sales', ...}, {'id': 'research', 'name': 'Iris', 'role': 'Research AI', 'department': 'Research', ...}, {'id': 'developer', 'name': 'Nova', 'role': 'Developer AI', 'department': 'Engineering', ...}, {'id': 'operations', 'name': 'Orion', 'role': 'Operations AI', 'department': 'Operations', ...}, ...])
E    +    where [{'id': 'ceo', 'name': 'Aurora', 'role': 'CEO AI', 'department': 'Executive', ...}, {'id': 'marketing', 'name': 'Vega', 'role': 'Marketing AI', 'department': 'Marketing', ...}, {'id': 'sales', 'name': 'Atlas', 'role': 'Sales AI', 'department': 'Sales', ...}, {'id': 'research', 'name': 'Iris', 'role': 'Research AI', 'department': 'Research', ...}, {'id': 'developer', 'name': 'Nova', 'role': 'Developer AI', 'department': 'Engineering', ...}, {'id': 'operations', 'name': 'Orion', 'role': 'Operations AI', 'department': 'Operations', ...}, ...] = json()
E    +      where json = &lt;Response [200]&gt;.json</failure></testcase><testcase classname="backend.tests.test_iteration3.TestRegression" name="test_tasks_list" time="0.099" /><testcase classname="backend.tests.test_iteration3.TestRegression" name="test_approvals_list" time="0.103" /><testcase classname="backend.tests.test_iteration3.TestRegression" name="test_knowledge_note_crud" time="0.290" /><testcase classname="backend.tests.test_iteration3.TestRegression" name="test_integrations_list_and_toggle" time="0.292" /><testcase classname="backend.tests.test_iteration3.TestRegression" name="test_stats_dashboard" time="0.094" /></testsuite></testsuites>