<?xml version="1.0" encoding="utf-8"?><testsuites name="pytest tests"><testsuite name="pytest" errors="0" failures="0" skipped="0" tests="16" time="15.778" timestamp="2026-06-22T04:14:55.959281+00:00" hostname="agent-env-37099078-844e-4072-9fd3-843f25200df5"><testcase classname="backend.tests.test_iteration2" name="test_root" time="0.217" /><testcase classname="backend.tests.test_iteration2" name="test_login_seed" time="0.322" /><testcase classname="backend.tests.test_iteration2" name="test_agents_list" time="0.158" /><testcase classname="backend.tests.test_iteration2" name="test_quick_task_marketing_planning" time="0.131" /><testcase classname="backend.tests.test_iteration2" name="test_quick_task_sales_waiting_approval" time="0.230" /><testcase classname="backend.tests.test_iteration2" name="test_quick_task_invalid_agent" time="0.133" /><testcase classname="backend.tests.test_iteration2" name="test_generate_output_on_planning_task" time="12.957" /><testcase classname="backend.tests.test_iteration2" name="test_generate_blocked_on_waiting_approval" time="0.110" /><testcase classname="backend.tests.test_iteration2" name="test_generate_unknown_task_404" time="0.100" /><testcase classname="backend.tests.test_iteration2" name="test_knowledge_create_list_delete" time="0.418" /><testcase classname="backend.tests.test_iteration2" name="test_knowledge_delete_404" time="0.099" /><testcase classname="backend.tests.test_iteration2" name="test_integrations_catalog" time="0.096" /><testcase classname="backend.tests.test_iteration2" name="test_integration_toggle_on_off" time="0.425" /><testcase classname="backend.tests.test_iteration2" name="test_integration_toggle_unknown" time="0.095" /><testcase classname="backend.tests.test_iteration2" name="test_dashboard_stats_regression" time="0.102" /><testcase classname="backend.tests.test_iteration2" name="test_activity_regression" time="0.094" /></testsuite></testsuites>