<?xml version="1.0" encoding="utf-8"?><testsuites name="pytest tests"><testsuite name="pytest" errors="0" failures="0" skipped="0" tests="16" time="3.582" timestamp="2026-06-22T04:45:06.025944+00:00" hostname="agent-env-37099078-844e-4072-9fd3-843f25200df5"><testcase classname="backend.tests.test_iteration4.TestBillingPlans" name="test_plans_shape" time="0.580" /><testcase classname="backend.tests.test_iteration4.TestCheckoutSession" name="test_checkout_pro_returns_stripe_url" time="0.655" /><testcase classname="backend.tests.test_iteration4.TestCheckoutSession" name="test_checkout_scale_returns_stripe_url" time="0.531" /><testcase classname="backend.tests.test_iteration4.TestCheckoutSession" name="test_invalid_plan_returns_422" time="0.119" /><testcase classname="backend.tests.test_iteration4.TestCheckoutSession" name="test_unpaid_session_does_not_promote_tier" time="0.419" /><testcase classname="backend.tests.test_iteration4.TestAnalytics" name="test_overview_shape" time="0.150" /><testcase classname="backend.tests.test_iteration4.TestRegression" name="test_auth_me" time="0.127" /><testcase classname="backend.tests.test_iteration4.TestRegression" name="test_agents" time="0.099" /><testcase classname="backend.tests.test_iteration4.TestRegression" name="test_tasks" time="0.090" /><testcase classname="backend.tests.test_iteration4.TestRegression" name="test_approvals" time="0.096" /><testcase classname="backend.tests.test_iteration4.TestRegression" name="test_knowledge_list" time="0.146" /><testcase classname="backend.tests.test_iteration4.TestRegression" name="test_integrations" time="0.105" /><testcase classname="backend.tests.test_iteration4.TestRegression" name="test_meetings" time="0.092" /><testcase classname="backend.tests.test_iteration4.TestRegression" name="test_automations_catalog" time="0.096" /><testcase classname="backend.tests.test_iteration4.TestRegression" name="test_org_me" time="0.091" /><testcase classname="backend.tests.test_iteration4.TestRegression" name="test_stats" time="0.096" /></testsuite></testsuites>