<?xml version="1.0" encoding="utf-8"?><testsuites name="pytest tests"><testsuite name="pytest" errors="0" failures="2" skipped="0" tests="15" time="16.007" timestamp="2026-06-22T03:57:25.856882+00:00" hostname="agent-env-37099078-844e-4072-9fd3-843f25200df5"><testcase classname="backend.tests.backend_test" name="test_root" time="0.263" /><testcase classname="backend.tests.backend_test" name="test_register_new_user" time="0.375" /><testcase classname="backend.tests.backend_test" name="test_register_duplicate_rejected" time="0.132" /><testcase classname="backend.tests.backend_test" name="test_login_seeded" time="0.385" /><testcase classname="backend.tests.backend_test" name="test_login_bad_password" time="0.325" /><testcase classname="backend.tests.backend_test" name="test_me" time="0.104" /><testcase classname="backend.tests.backend_test" name="test_me_unauthorized" time="0.095" /><testcase classname="backend.tests.backend_test" name="test_list_agents" time="0.109" /><testcase classname="backend.tests.backend_test" name="test_create_goal_llm" time="13.065"><failure message="assert '_id' not in '{&quot;id&quot;:&quot;9a79....840618Z&quot;}]}'&#10;  &#10;  '_id' is contained here:&#10;    {&quot;id&quot;:&quot;9a794072-e0d5-4d87-bd65-a4f540ed1443&quot;,&quot;user_id&quot;:&quot;b97cf4b8-a38b-49e7-9e3d-0e0234b7e901&quot;,&quot;objective&quot;:&quot;Help me grow my AI business&quot;,&quot;summary&quot;:&quot;Comprehensive growth plan leveraging market intelligence, content marketing, targeted sales outreach, and operational infrastructure to scale your AI business systematically.&quot;,&quot;status&quot;:&quot;running&quot;,&quot;created_at&quot;:&quot;2026-06-22T03:57:27.840618Z&quot;,&quot;tasks&quot;:[{&quot;id&quot;:&quot;0c10a734-72e5-4a7c-8ba0-15d3d6eaf4f2&quot;,&quot;goal_id&quot;:&quot;9a794072-e0d5-4d87-bd65-a4f540ed1443&quot;,&quot;user_id&quot;:&quot;b97cf4b8-a38b-49e7-9e3d-0e0234b7e901&quot;,&quot;agent_id&quot;:&quot;research&quot;,&quot;title&quot;:&quot;AI Ma...&#10;  &#10;  ...Full output truncated (2 lines hidden), use '-vv' to show">backend/tests/backend_test.py:105: in test_create_goal_llm
    assert "_id" not in r.text
E   assert '_id' not in '{"id":"9a79....840618Z"}]}'
E     
E     '_id' is contained here:
E       {"id":"9a794072-e0d5-4d87-bd65-a4f540ed1443","user_id":"b97cf4b8-a38b-49e7-9e3d-0e0234b7e901","objective":"Help me grow my AI business","summary":"Comprehensive growth plan leveraging market intelligence, content marketing, targeted sales outreach, and operational infrastructure to scale your AI business systematically.","status":"running","created_at":"2026-06-22T03:57:27.840618Z","tasks":[{"id":"0c10a734-72e5-4a7c-8ba0-15d3d6eaf4f2","goal_id":"9a794072-e0d5-4d87-bd65-a4f540ed1443","user_id":"b97cf4b8-a38b-49e7-9e3d-0e0234b7e901","agent_id":"research","title":"AI Ma...
E     
E     ...Full output truncated (2 lines hidden), use '-vv' to show</failure></testcase><testcase classname="backend.tests.backend_test" name="test_approvals_created_after_goal" time="0.112" /><testcase classname="backend.tests.backend_test" name="test_list_tasks" time="0.106" /><testcase classname="backend.tests.backend_test" name="test_complete_task" time="0.279" /><testcase classname="backend.tests.backend_test" name="test_approve_decision_flips_task_to_running" time="0.345" /><testcase classname="backend.tests.backend_test" name="test_activity" time="0.107"><failure message="assert '_id' not in '[{&quot;id&quot;:&quot;594...27.840000&quot;}]'&#10;  &#10;  '_id' is contained here:&#10;    [{&quot;id&quot;:&quot;594de851-38e6-4c4e-bef2-61abe66cfe37&quot;,&quot;user_id&quot;:&quot;b97cf4b8-a38b-49e7-9e3d-0e0234b7e901&quot;,&quot;agent_id&quot;:&quot;sales&quot;,&quot;message&quot;:&quot;Founder approved: Enterprise AI Prospect List Development&quot;,&quot;kind&quot;:&quot;approval&quot;,&quot;created_at&quot;:&quot;2026-06-22T03:57:41.388000&quot;},{&quot;id&quot;:&quot;24314cdf-b02b-4c33-ab40-4faafcb6b547&quot;,&quot;user_id&quot;:&quot;b97cf4b8-a38b-49e7-9e3d-0e0234b7e901&quot;,&quot;agent_id&quot;:&quot;marketing&quot;,&quot;message&quot;:&quot;Vega accepted task: Multi-Channel Campaign Strategy&quot;,&quot;kind&quot;:&quot;task&quot;,&quot;created_at&quot;:&quot;2026-06-22T03:57:40.758000&quot;},{&quot;id&quot;:&quot;de626ef9-d2b7-4da0-95b2-9a8b127fa28b&quot;,&quot;user_id&quot;:&quot;b97cf4b8-a38b-49e7-9e3d-0e0234b7e9...&#10;  &#10;  ...Full output truncated (2 lines hidden), use '-vv' to show">backend/tests/backend_test.py:161: in test_activity
    assert "_id" not in r.text
E   assert '_id' not in '[{"id":"594...27.840000"}]'
E     
E     '_id' is contained here:
E       [{"id":"594de851-38e6-4c4e-bef2-61abe66cfe37","user_id":"b97cf4b8-a38b-49e7-9e3d-0e0234b7e901","agent_id":"sales","message":"Founder approved: Enterprise AI Prospect List Development","kind":"approval","created_at":"2026-06-22T03:57:41.388000"},{"id":"24314cdf-b02b-4c33-ab40-4faafcb6b547","user_id":"b97cf4b8-a38b-49e7-9e3d-0e0234b7e901","agent_id":"marketing","message":"Vega accepted task: Multi-Channel Campaign Strategy","kind":"task","created_at":"2026-06-22T03:57:40.758000"},{"id":"de626ef9-d2b7-4da0-95b2-9a8b127fa28b","user_id":"b97cf4b8-a38b-49e7-9e3d-0e0234b7e9...
E     
E     ...Full output truncated (2 lines hidden), use '-vv' to show</failure></testcase><testcase classname="backend.tests.backend_test" name="test_dashboard_stats" time="0.101" /></testsuite></testsuites>